[2022-11-29 20:53:34,462][ERROR][valid         :  30] error                  - 2 : 11 - cvc-elt.1.a: Cannot find the declaration of element 'students'.
[2022-11-29 20:54:51,523][ERROR][valid         :  30] error                  - 2 : 11 - cvc-elt.1.a: Cannot find the declaration of element 'students'.
[2022-11-29 20:55:18,205][ERROR][valid         :  30] error                  - 2 : 11 - cvc-elt.1.a: Cannot find the declaration of element 'students'.
[2022-11-29 21:15:32,800][ERROR][valid         :  30] error                  - 3 : 11 - cvc-elt.1.a: Cannot find the declaration of element 'students'.
[2022-11-29 21:58:12,403][ERROR][valid         :  30] error                  - 3 : 11 - cvc-elt.1.a: Cannot find the declaration of element 'students'.
[2022-11-29 22:02:45,333][ERROR][valid         :  30] error                  - 3 : 11 - cvc-elt.1.a: Cannot find the declaration of element 'students'.
